TN:
SF:src/constants/roles.js
FN:8,(anonymous_0)
FNF:1
FNH:0
FNDA:0,(anonymous_0)
DA:2,1
DA:8,1
LF:2
LH:2
BRF:0
BRH:0
end_of_record
TN:
SF:src/database/file.js
FN:7,(anonymous_0)
FN:18,(anonymous_1)
FNF:2
FNH:0
FNDA:0,(anonymous_0)
FNDA:0,(anonymous_1)
DA:7,1
DA:8,0
DA:9,0
DA:10,0
DA:12,0
DA:14,0
DA:18,1
DA:19,0
DA:20,0
DA:22,0
LF:10
LH:2
BRF:0
BRH:0
end_of_record
TN:
SF:src/database/parser.js
FN:2,(anonymous_0)
FN:3,(anonymous_1)
FNF:2
FNH:0
FNDA:0,(anonymous_0)
FNDA:0,(anonymous_1)
DA:2,2
DA:3,2
LF:2
LH:2
BRF:0
BRH:0
end_of_record
TN:
SF:src/database/user/create.js
FN:6,(anonymous_0)
FNF:1
FNH:1
FNDA:6,(anonymous_0)
DA:6,1
DA:15,6
DA:16,6
DA:17,6
DA:19,6
DA:20,6
DA:22,6
LF:7
LH:7
BRDA:12,0,0,5
BRF:1
BRH:1
end_of_record
TN:
SF:src/utils/args.js
FN:5,(anonymous_0)
FN:6,(anonymous_1)
FN:10,(anonymous_2)
FN:17,(anonymous_3)
FN:20,(anonymous_4)
FN:32,(anonymous_5)
FN:43,(anonymous_6)
FN:43,(anonymous_7)
FN:46,parse
FNF:9
FNH:9
FNDA:1,(anonymous_0)
FNDA:1,(anonymous_1)
FNDA:3,(anonymous_2)
FNDA:3,(anonymous_3)
FNDA:7,(anonymous_4)
FNDA:2,(anonymous_5)
FNDA:1,(anonymous_6)
FNDA:2,(anonymous_7)
FNDA:1,parse
DA:4,1
DA:5,1
DA:6,1
DA:10,3
DA:16,1
DA:17,1
DA:18,3
DA:19,2
DA:20,7
DA:22,2
DA:28,0
DA:32,1
DA:33,2
DA:34,2
DA:35,2
DA:37,2
DA:43,2
DA:47,1
DA:48,1
DA:50,1
LF:20
LH:19
BRDA:10,0,0,1
BRDA:10,1,0,1
BRDA:17,2,0,1
BRDA:17,3,0,3
BRDA:18,4,0,1
BRDA:18,4,1,2
BRDA:19,5,0,2
BRDA:19,5,1,0
BRDA:24,6,0,2
BRDA:24,6,1,1
BRDA:35,7,0,0
BRDA:35,7,1,2
BRF:12
BRH:10
end_of_record
TN:
SF:src/utils/logger.js
FN:3,(anonymous_0)
FN:11,(anonymous_1)
FN:15,(anonymous_2)
FN:19,(anonymous_3)
FNF:4
FNH:4
FNDA:6,(anonymous_0)
FNDA:2,(anonymous_1)
FNDA:2,(anonymous_2)
FNDA:2,(anonymous_3)
DA:1,2
DA:2,2
DA:3,6
DA:5,2
DA:11,2
DA:12,2
DA:15,2
DA:16,2
DA:19,2
DA:20,2
LF:10
LH:10
BRF:0
BRH:0
end_of_record
